<?xml version="1.0" encoding="UTF-8"?>
<!-- Generated by org.testng.reporters.JUnitReportReporter -->
<testsuite hostname="LAPTOP-0V3POML9" failures="0" tests="1" name="alltesting.Maven_Testing_2.first_testng_Test" time="11.173" errors="0" timestamp="2020-12-20T22:28:51 EST" skipped="0">
  <testcase classname="alltesting.Maven_Testing_2.first_testng_Test" name="day1" time="11.173"/>
  <system-out/>
</testsuite> <!-- alltesting.Maven_Testing_2.first_testng_Test -->
